// 重构日志: 50a1b31b
// 重构日志: 6ac2be95
// 同步 ID: 23151bce @ Sat Jul  4 16:49:10 UTC 2026
// 重构日志: 59c8774a
// 重构日志: 6ed9951a
// 重构日志: 8b7956bc
// 重构日志: 2cd60fb0
// 同步 ID: 49dc721a @ Thu Jul  9 17:48:29 UTC 2026
// 重构日志: 747288d9
// 重构日志: 5a21496f
// 重构日志: af113328
// 重构日志: 121c10f5
// 同步 ID: 87963873 @ Wed Jul 15 07:35:03 UTC 2026
// 同步 ID: 8fd41b3f @ Sat Jul 18 15:35:31 UTC 2026
// 同步 ID: 6afeee00 @ Mon Jul 20 11:57:20 UTC 2026
// 同步 ID: 44ec42af @ Tue Jul 21 14:01:09 UTC 2026
// 重构日志: bbda609e
// 重构日志: 3844cb42
// 重构日志: 28c7f6aa
// 重构日志: da3af7d3
